Running: C:\Xilinx\14.7\ISE_DS\ISE\bin\nt\unwrapped\fuse.exe -intstyle ise -incremental -o F:/alu48/alu48_tb_isim_beh.exe -prj F:/alu48/alu48_tb_beh.prj work.alu48_tb 
ISim P.20131013 (signature 0x8ef4fb42)
Number of CPUs detected in this system: 6
Turning on mult-threading, number of parallel sub-compilation jobs: 12 
Determining compilation order of HDL files
Parsing VHDL file "F:/alu48/alu48.vhd" into library work
Parsing VHDL file "F:/alu48/alu48_tb.vhd" into library work
Starting static elaboration
Completed static elaboration
Fuse Memory Usage: 162520 KB
Fuse CPU Usage: 218 ms
Compiling package standard
Compiling package std_logic_1164
Compiling package std_logic_arith
Compiling package std_logic_unsigned
Compiling architecture alu48_arch of entity alu48 [alu48_default]
Compiling architecture behavior of entity alu48_tb
Time Resolution for simulation is 1ps.
Compiled 7 VHDL Units
Built simulation executable F:/alu48/alu48_tb_isim_beh.exe
Fuse Memory Usage: 178264 KB
Fuse CPU Usage: 265 ms
