Command line:
   alu48_tb_isim_beh.exe
     -simmode  gui
     -simrunnum  0
     -socket  50980

Fri Sep 23 17:37:25 2022


 Elaboration Time: 0.0625 sec

 Current Memory Usage: 844.1 Meg

 Total Signals          : 11
 Total Nets             : 21
 Total Signal Drivers   : 4
 Total Blocks           : 5
 Total Primitive Blocks : 4
 Total Processes        : 4
 Total Traceable Variables  : 10
 Total Scalar Nets and Variables : 399
Total Line Count : 19

 Total Simulation Time: 0.0625 sec

 Current Memory Usage: 844.1 Meg

Fri Sep 23 17:54:25 2022

