Command line:
   fifo_tb_isim_beh.exe
     -simmode  gui
     -simrunnum  0
     -socket  59493

Thu Sep 29 12:33:02 2022


 Elaboration Time: 0.015625 sec

 Current Memory Usage: 818.389 Meg

 Total Signals          : 17
 Total Nets             : 55
 Total Signal Drivers   : 10
 Total Blocks           : 3
 Total Primitive Blocks : 2
 Total Processes        : 5
 Total Traceable Variables  : 9
 Total Scalar Nets and Variables : 416
Total Line Count : 41

 Total Simulation Time: 0.015625 sec

 Current Memory Usage: 660.84 Meg

Thu Sep 29 12:34:33 2022

