--------------------------------------------------------------------------------
Release 14.7 Trace  (nt64)
Copyright (c) 1995-2013 Xilinx, Inc.  All rights reserved.

C:\Xilinx\14.7\ISE_DS\ISE\bin\nt64\unwrapped\trce.exe -intstyle ise -v 3 -s 4
-n 3 -fastpaths -xml usr44.twx usr44.ncd -o usr44.twr usr44.pcf

Design file:              usr44.ncd
Physical constraint file: usr44.pcf
Device,package,speed:     xc3s250e,pq208,-4 (PRODUCTION 1.27 2013-10-13)
Report level:             verbose report

Environment Variable      Effect 
--------------------      ------ 
NONE                      No environment variables were set
--------------------------------------------------------------------------------

INFO:Timing:2698 - No timing constraints found, doing default enumeration.
INFO:Timing:3412 - To improve timing, see the Timing Closure User Guide (UG612).
INFO:Timing:2752 - To get complete path coverage, use the unconstrained paths 
   option. All paths that are not constrained will be reported in the 
   unconstrained paths section(s) of the report.
INFO:Timing:3339 - The clock-to-out numbers in this timing report are based on 
   a 50 Ohm transmission line loading model.  For the details of this model, 
   and for more information on accounting for different loading conditions, 
   please see the device datasheet.
INFO:Timing:3390 - This architecture does not support a default System Jitter 
   value, please add SYSTEM_JITTER constraint to the UCF to modify the Clock 
   Uncertainty calculation.
INFO:Timing:3389 - This architecture does not support 'Discrete Jitter' and 
   'Phase Error' calculations, these terms will be zero in the Clock 
   Uncertainty calculation.  Please make appropriate modification to 
   SYSTEM_JITTER to account for the unsupported Discrete Jitter and Phase 
   Error.



Data Sheet report:
-----------------
All values displayed in nanoseconds (ns)

Setup/Hold to clock clk
------------+------------+------------+------------------+--------+
            |Max Setup to|Max Hold to |                  | Clock  |
Source      | clk (edge) | clk (edge) |Internal Clock(s) | Phase  |
------------+------------+------------+------------------+--------+
mode<0>     |    1.612(R)|    0.592(R)|clk_BUFGP         |   0.000|
mode<1>     |    2.512(R)|    0.900(R)|clk_BUFGP         |   0.000|
pin<0>      |    2.563(R)|   -0.851(R)|clk_BUFGP         |   0.000|
pin<1>      |    0.267(R)|    0.986(R)|clk_BUFGP         |   0.000|
pin<2>      |    0.345(R)|    0.923(R)|clk_BUFGP         |   0.000|
pin<3>      |    0.182(R)|    1.053(R)|clk_BUFGP         |   0.000|
rst         |    0.627(R)|    1.137(R)|clk_BUFGP         |   0.000|
sin         |    2.799(R)|   -0.049(R)|clk_BUFGP         |   0.000|
------------+------------+------------+------------------+--------+

Clock clk to Pad
------------+------------+------------------+--------+
            | clk (edge) |                  | Clock  |
Destination |   to PAD   |Internal Clock(s) | Phase  |
------------+------------+------------------+--------+
pout<0>     |    7.706(R)|clk_BUFGP         |   0.000|
pout<1>     |    7.088(R)|clk_BUFGP         |   0.000|
pout<2>     |    7.868(R)|clk_BUFGP         |   0.000|
pout<3>     |    7.970(R)|clk_BUFGP         |   0.000|
sout        |    7.945(R)|clk_BUFGP         |   0.000|
------------+------------+------------------+--------+

Clock to Setup on destination clock clk
---------------+---------+---------+---------+---------+
               | Src:Rise| Src:Fall| Src:Rise| Src:Fall|
Source Clock   |Dest:Rise|Dest:Rise|Dest:Fall|Dest:Fall|
---------------+---------+---------+---------+---------+
clk            |    2.883|         |         |         |
---------------+---------+---------+---------+---------+


Analysis completed Thu Sep 22 18:26:16 2022 
--------------------------------------------------------------------------------

Trace Settings:
-------------------------
Trace Settings 

Peak Memory Usage: 4493 MB



